This is pdfTeX, Version 3.1415926-2.4-1.40.13 (MiKTeX 2.9 64-bit) (preloaded format=pdflatex 2014.4.15)  12 NOV 2014 09:43
entering extended mode
**Bibliography.tex
(C:\Users\Thao\Documents\latex\ReportPUF\Bibliography.tex
LaTeX2e <2011/06/27>
Babel <v3.8m> and hyphenation patterns for english, afrikaans, ancientgreek, arabic, armenian, assamese, basque, bengali
, bokmal, bulgarian, catalan, coptic, croatian, czech, danish, dutch, esperanto, estonian, farsi, finnish, french, galic
ian, german, german-x-2012-05-30, greek, gujarati, hindi, hungarian, icelandic, indonesian, interlingua, irish, italian,
 kannada, kurmanji, latin, latvian, lithuanian, malayalam, marathi, mongolian, mongolianlmc, monogreek, ngerman, ngerman
-x-2012-05-30, nynorsk, oriya, panjabi, pinyin, polish, portuguese, romanian, russian, sanskrit, serbian, slovak, sloven
ian, spanish, swedish, swissgerman, tamil, telugu, turkish, turkmen, ukenglish, ukrainian, uppersorbian, usenglishmax, w
elsh, loaded.

! LaTeX Error: Environment thebibliography undefined.

See the LaTeX manual or LaTeX Companion for explanation.
Type  H <return>  for immediate help.
 ...                                              
                                                  
l.4 \begin{thebibliography}
                           {9}
Your command was ignored.
Type  I <command> <return>  to replace it with another command,
or  <return>  to continue without it.


! LaTeX Error: Missing \begin{document}.

See the LaTeX manual or LaTeX Companion for explanation.
Type  H <return>  for immediate help.
 ...                                              
                                                  
l.4 \begin{thebibliography}{9
                             }
You're in trouble here.  Try typing  <return>  to proceed.
If that doesn't work, type  X <return>  to quit.

Missing character: There is no 9 in font nullfont!

Overfull \hbox (20.0pt too wide) in paragraph at lines 4--5
[] 
 []


! LaTeX Error: Lonely \item--perhaps a missing list environment.

See the LaTeX manual or LaTeX Companion for explanation.
Type  H <return>  for immediate help.
 ...                                              
                                                  
l.5 \bibitem {KarelRektorys}
                            Rektorys, K., \textit{Variational methods in Mat...
Try typing  <return>  to proceed.
If that doesn't work, type  X <return>  to quit.

! Undefined control sequence.
<argument> \@listctr 
                     
l.5 \bibitem {KarelRektorys}
                            Rektorys, K., \textit{Variational methods in Mat...
The control sequence at the end of the top line
of your error message was never \def'ed. If you have
misspelled it (e.g., `\hobx'), type `I' and the correct
spelling (e.g., `I\hbox'). Otherwise just continue,
and I'll forget about whatever was undefined.

! You can't use `\relax' after \the.
<recently read> \c@ 
                    
l.5 \bibitem {KarelRektorys}
                            Rektorys, K., \textit{Variational methods in Mat...
I'm forgetting what you said and using zero instead.

\bibcite{KarelRektorys}{0}
Missing character: There is no R in font nullfont!
Missing character: There is no e in font nullfont!
Missing character: There is no k in font nullfont!
Missing character: There is no t in font nullfont!
Missing character: There is no o in font nullfont!
Missing character: There is no r in font nullfont!
Missing character: There is no y in font nullfont!
Missing character: There is no s in font nullfont!
Missing character: There is no , in font nullfont!
Missing character: There is no K in font nullfont!
Missing character: There is no . in font nullfont!
Missing character: There is no , in font nullfont!
Missing character: There is no , in font nullfont!
Missing character: There is no D in font nullfont!
Missing character: There is no . in font nullfont!
Missing character: There is no R in font nullfont!
Missing character: There is no e in font nullfont!
Missing character: There is no i in font nullfont!
Missing character: There is no d in font nullfont!
Missing character: There is no e in font nullfont!
Missing character: There is no l in font nullfont!
Missing character: There is no P in font nullfont!
Missing character: There is no u in font nullfont!
Missing character: There is no b in font nullfont!
Missing character: There is no l in font nullfont!
Missing character: There is no i in font nullfont!
Missing character: There is no s in font nullfont!
Missing character: There is no h in font nullfont!
Missing character: There is no i in font nullfont!
Missing character: There is no n in font nullfont!
Missing character: There is no g in font nullfont!
Missing character: There is no C in font nullfont!
Missing character: There is no o in font nullfont!
Missing character: There is no m in font nullfont!
Missing character: There is no p in font nullfont!
Missing character: There is no a in font nullfont!
Missing character: There is no n in font nullfont!
Missing character: There is no y in font nullfont!
Missing character: There is no , in font nullfont!
Missing character: There is no D in font nullfont!
Missing character: There is no o in font nullfont!
Missing character: There is no r in font nullfont!
Missing character: There is no d in font nullfont!
Missing character: There is no r in font nullfont!
Missing character: There is no e in font nullfont!
Missing character: There is no c in font nullfont!
Missing character: There is no h in font nullfont!
Missing character: There is no t in font nullfont!
Missing character: There is no - in font nullfont!
Missing character: There is no H in font nullfont!
Missing character: There is no o in font nullfont!
Missing character: There is no l in font nullfont!
Missing character: There is no l in font nullfont!
Missing character: There is no a in font nullfont!
Missing character: There is no n in font nullfont!
Missing character: There is no f in font nullfont!
Missing character: There is no / in font nullfont!
Missing character: There is no B in font nullfont!
Missing character: There is no o in font nullfont!
Missing character: There is no s in font nullfont!
Missing character: There is no t in font nullfont!
Missing character: There is no o in font nullfont!
Missing character: There is no n in font nullfont!
Missing character: There is no - in font nullfont!
Missing character: There is no U in font nullfont!
Missing character: There is no . in font nullfont!
Missing character: There is no S in font nullfont!
Missing character: There is no . in font nullfont!
Missing character: There is no A in font nullfont!
Missing character: There is no . in font nullfont!
Missing character: There is no , in font nullfont!
Missing character: There is no 2 in font nullfont!
Missing character: There is no t in font nullfont!
Missing character: There is no h in font nullfont!
Missing character: There is no e in font nullfont!
Missing character: There is no d in font nullfont!
Missing character: There is no i in font nullfont!
Missing character: There is no t in font nullfont!
Missing character: There is no i in font nullfont!
Missing character: There is no o in font nullfont!
Missing character: There is no n in font nullfont!
Missing character: There is no , in font nullfont!
Missing character: There is no 1 in font nullfont!
Missing character: There is no 9 in font nullfont!
Missing character: There is no 7 in font nullfont!
Missing character: There is no 5 in font nullfont!

Overfull \hbox (22.63873pt too wide) in paragraph at lines 5--8
\OT1/cmr/m/it/10 Vari-
 []


Overfull \hbox (8.68883pt too wide) in paragraph at lines 5--8
\OT1/cmr/m/it/10 a-
 []


Overfull \hbox (24.78874pt too wide) in paragraph at lines 5--8
\OT1/cmr/m/it/10 tional
 []


Overfull \hbox (24.78871pt too wide) in paragraph at lines 5--8
\OT1/cmr/m/it/10 meth-
 []


Overfull \hbox (13.79991pt too wide) in paragraph at lines 5--8
\OT1/cmr/m/it/10 ods
 []


Overfull \hbox (8.68884pt too wide) in paragraph at lines 5--8
\OT1/cmr/m/it/10 in
 []


Overfull \hbox (26.08871pt too wide) in paragraph at lines 5--8
\OT1/cmr/m/it/10 Math-
 []


Overfull \hbox (8.1777pt too wide) in paragraph at lines 5--8
\OT1/cmr/m/it/10 e-
 []


Overfull \hbox (20.18875pt too wide) in paragraph at lines 5--8
\OT1/cmr/m/it/10 mat-
 []


Overfull \hbox (14.82213pt too wide) in paragraph at lines 5--8
\OT1/cmr/m/it/10 ics,
 []


Overfull \hbox (16.86655pt too wide) in paragraph at lines 5--8
\OT1/cmr/m/it/10 Sci-
 []


Overfull \hbox (18.91095pt too wide) in paragraph at lines 5--8
\OT1/cmr/m/it/10 ence
 []


Overfull \hbox (15.84436pt too wide) in paragraph at lines 5--8
\OT1/cmr/m/it/10 and
 []


Overfull \hbox (15.98323pt too wide) in paragraph at lines 5--8
\OT1/cmr/m/it/10 En-
 []


Overfull \hbox (11.24435pt too wide) in paragraph at lines 5--8
\OT1/cmr/m/it/10 gi-
 []


Overfull \hbox (22.10536pt too wide) in paragraph at lines 5--8
\OT1/cmr/m/it/10 neer-
 []


Overfull \hbox (13.2888pt too wide) in paragraph at lines 5--8
\OT1/cmr/m/it/10 ing
 []


! LaTeX Error: Lonely \item--perhaps a missing list environment.

See the LaTeX manual or LaTeX Companion for explanation.
Type  H <return>  for immediate help.
 ...                                              
                                                  
l.9 \bibitem {Bertoti97}
                         \textsc{Bert\'{o}ti, E.}:\ \textit{On mixed variati...
Try typing  <return>  to proceed.
If that doesn't work, type  X <return>  to quit.

! Undefined control sequence.
<argument> \@listctr 
                     
l.9 \bibitem {Bertoti97}
                         \textsc{Bert\'{o}ti, E.}:\ \textit{On mixed variati...
The control sequence at the end of the top line
of your error message was never \def'ed. If you have
misspelled it (e.g., `\hobx'), type `I' and the correct
spelling (e.g., `I\hbox'). Otherwise just continue,
and I'll forget about whatever was undefined.

! You can't use `\relax' after \the.
<recently read> \c@ 
                    
l.9 \bibitem {Bertoti97}
                         \textsc{Bert\'{o}ti, E.}:\ \textit{On mixed variati...
I'm forgetting what you said and using zero instead.

\bibcite{Bertoti97}{0}
Missing character: There is no : in font nullfont!
Missing character: There is no , in font nullfont!
Missing character: There is no I in font nullfont!
Missing character: There is no n in font nullfont!
Missing character: There is no t in font nullfont!
Missing character: There is no e in font nullfont!
Missing character: There is no r in font nullfont!
Missing character: There is no n in font nullfont!
Missing character: There is no a in font nullfont!
Missing character: There is no t in font nullfont!
Missing character: There is no i in font nullfont!
Missing character: There is no o in font nullfont!
Missing character: There is no n in font nullfont!
Missing character: There is no a in font nullfont!
Missing character: There is no l in font nullfont!
Missing character: There is no J in font nullfont!
Missing character: There is no o in font nullfont!
Missing character: There is no u in font nullfont!
Missing character: There is no r in font nullfont!
Missing character: There is no n in font nullfont!
Missing character: There is no a in font nullfont!
Missing character: There is no l in font nullfont!
Missing character: There is no f in font nullfont!
Missing character: There is no o in font nullfont!
Missing character: There is no r in font nullfont!
Missing character: There is no N in font nullfont!
Missing character: There is no u in font nullfont!
Missing character: There is no m in font nullfont!
Missing character: There is no e in font nullfont!
Missing character: There is no r in font nullfont!
Missing character: There is no i in font nullfont!
Missing character: There is no c in font nullfont!
Missing character: There is no a in font nullfont!
Missing character: There is no l in font nullfont!
Missing character: There is no M in font nullfont!
Missing character: There is no e in font nullfont!
Missing character: There is no t in font nullfont!
Missing character: There is no h in font nullfont!
Missing character: There is no o in font nullfont!
Missing character: There is no d in font nullfont!
Missing character: There is no s in font nullfont!
Missing character: There is no i in font nullfont!
Missing character: There is no n in font nullfont!
Missing character: There is no E in font nullfont!
Missing character: There is no n in font nullfont!
Missing character: There is no g in font nullfont!
Missing character: There is no i in font nullfont!
Missing character: There is no n in font nullfont!
Missing character: There is no e in font nullfont!
Missing character: There is no e in font nullfont!
Missing character: There is no r in font nullfont!
Missing character: There is no i in font nullfont!
Missing character: There is no n in font nullfont!
Missing character: There is no g in font nullfont!
Missing character: There is no . in font nullfont!
Missing character: There is no , in font nullfont!
Missing character: There is no , in font nullfont!
Missing character: There is no ( in font nullfont!
Missing character: There is no 1 in font nullfont!
Missing character: There is no 9 in font nullfont!
Missing character: There is no 9 in font nullfont!
Missing character: There is no 7 in font nullfont!
Missing character: There is no ) in font nullfont!
Missing character: There is no , in font nullfont!
Missing character: There is no 5 in font nullfont!
Missing character: There is no 6 in font nullfont!
Missing character: There is no 1 in font nullfont!
Missing character: There is no - in font nullfont!
Missing character: There is no 5 in font nullfont!
Missing character: There is no 7 in font nullfont!
Missing character: There is no 8 in font nullfont!
Missing character: There is no . in font nullfont!

Overfull \hbox (43.03578pt too wide) in paragraph at lines 9--13
\OT1/cmr/m/sc/10 Bert[]oti,
 []


Overfull \hbox (10.61098pt too wide) in paragraph at lines 9--13
\OT1/cmr/m/sc/10 E.
 []


Overfull \hbox (13.28882pt too wide) in paragraph at lines 9--13
\OT1/cmr/m/it/10 On
 []


Overfull \hbox (25.08318pt too wide) in paragraph at lines 9--13
\OT1/cmr/m/it/10 mixed
 []


Overfull \hbox (20.57207pt too wide) in paragraph at lines 9--13
\OT1/cmr/m/it/10 vari-
 []


Overfull \hbox (8.68883pt too wide) in paragraph at lines 9--13
\OT1/cmr/m/it/10 a-
 []


Overfull \hbox (24.78874pt too wide) in paragraph at lines 9--13
\OT1/cmr/m/it/10 tional
 []


Overfull \hbox (15.9721pt too wide) in paragraph at lines 9--13
\OT1/cmr/m/it/10 for-
 []


Overfull \hbox (17.12212pt too wide) in paragraph at lines 9--13
\OT1/cmr/m/it/10 mu-
 []


Overfull \hbox (11.24437pt too wide) in paragraph at lines 9--13
\OT1/cmr/m/it/10 la-
 []


Overfull \hbox (17.12212pt too wide) in paragraph at lines 9--13
\OT1/cmr/m/it/10 tion
 []


Overfull \hbox (8.17773pt too wide) in paragraph at lines 9--13
\OT1/cmr/m/it/10 of
 []


Overfull \hbox (14.82213pt too wide) in paragraph at lines 9--13
\OT1/cmr/m/it/10 lin-
 []


Overfull \hbox (13.41655pt too wide) in paragraph at lines 9--13
\OT1/cmr/m/it/10 ear
 []


Overfull \hbox (19.9332pt too wide) in paragraph at lines 9--13
\OT1/cmr/m/it/10 elas-
 []


Overfull \hbox (14.56654pt too wide) in paragraph at lines 9--13
\OT1/cmr/m/it/10 tic-
 []


Overfull \hbox (11.24435pt too wide) in paragraph at lines 9--13
\OT1/cmr/m/it/10 ity
 []


Overfull \hbox (13.03325pt too wide) in paragraph at lines 9--13
\OT1/cmr/m/it/10 us-
 []


Overfull \hbox (13.2888pt too wide) in paragraph at lines 9--13
\OT1/cmr/m/it/10 ing
 []


Overfull \hbox (19.93321pt too wide) in paragraph at lines 9--13
\OT1/cmr/m/it/10 non-
 []


Overfull \hbox (20.69986pt too wide) in paragraph at lines 9--13
\OT1/cmr/m/it/10 sym-
 []


Overfull \hbox (19.67763pt too wide) in paragraph at lines 9--13
\OT1/cmr/m/it/10 met-
 []


Overfull \hbox (11.88324pt too wide) in paragraph at lines 9--13
\OT1/cmr/m/it/10 ric
 []


Overfull \hbox (32.58308pt too wide) in paragraph at lines 9--13
\OT1/cmr/m/it/10 stresses
 []


Overfull \hbox (15.84436pt too wide) in paragraph at lines 9--13
\OT1/cmr/m/it/10 and
 []


Overfull \hbox (15.84435pt too wide) in paragraph at lines 9--13
\OT1/cmr/m/it/10 dis-
 []


Overfull \hbox (25.04425pt too wide) in paragraph at lines 9--13
\OT1/cmr/m/it/10 place-
 []


Overfull \hbox (25.81094pt too wide) in paragraph at lines 9--13
\OT1/cmr/m/it/10 ments
 []


Overfull \hbox (11.49994pt too wide) in paragraph at lines 9--13
\OT1/cmr/bx/n/10 42
 []


! LaTeX Error: \begin{document} ended by \end{thebibliography}.

See the LaTeX manual or LaTeX Companion for explanation.
Type  H <return>  for immediate help.
 ...                                              
                                                  
l.14 \end{thebibliography}
                          
Your command was ignored.
Type  I <command> <return>  to replace it with another command,
or  <return>  to continue without it.

)
! Emergency stop.
<*> Bibliography.tex
                    
*** (job aborted, no legal \end found)

 
Here is how much of TeX's memory you used:
 18 strings out of 493921
 343 string characters out of 3147285
 50031 words of memory out of 3000000
 3408 multiletter control sequences out of 15000+200000
 4595 words of font info for 17 fonts, out of 3000000 for 9000
 841 hyphenation exceptions out of 8191
 13i,1n,10p,123b,92s stack positions out of 5000i,500n,10000p,200000b,50000s
!  ==> Fatal error occurred, no output PDF file produced!
